<?xml version="1.0" encoding="UTF-8"?>
<!-- Generated by org.testng.reporters.JUnitXMLReporter -->
<testsuite hostname="DESKTOP-N4MGHUV" ignored="0" name="Default test" tests="3" failures="0" timestamp="15 Aug 2017 00:24:18 GMT" time="159.045" errors="0">
  <testcase name="AlertDialog" time="6.491" classname="com.appium.android.appium_android_framework.TestBase"/>
  <testcase name="Test001" time="3.569" classname="com.appium.android.appium_android_framework.TestBase"/>
  <testcase name="Test002" time="96.712" classname="com.appium.android.appium_android_framework.TestBase"/>
</testsuite> <!-- Default test -->
