<?xml version="1.0" encoding="UTF-8"?>
<!-- Generated by org.testng.reporters.JUnitXMLReporter -->
<testsuite hostname="DESKTOP-N4MGHUV" ignored="0" name="Default test" tests="4" failures="0" timestamp="15 Aug 2017 02:37:20 GMT" time="186.042" errors="0">
  <testcase name="AlertDialog" time="6.189" classname="com.appium.android.appium_android_framework.TestBase"/>
  <testcase name="Test001" time="3.502" classname="com.appium.android.appium_android_framework.TestBase"/>
  <testcase name="Test002" time="97.094" classname="com.appium.android.appium_android_framework.TestBase"/>
  <testcase name="spinnerTest" time="8.812" classname="com.appium.android.appium_android_framework.TestBase"/>
</testsuite> <!-- Default test -->
