<?xml version="1.0" encoding="UTF-8"?>
<testng-results skipped="0" failed="0" ignored="0" total="1" passed="1">
  <reporter-output>
  </reporter-output>
  <suite name="Default suite" duration-ms="18565" started-at="2017-08-12T05:00:22Z" finished-at="2017-08-12T05:00:41Z">
    <groups>
    </groups>
    <test name="Default test" duration-ms="18565" started-at="2017-08-12T05:00:22Z" finished-at="2017-08-12T05:00:41Z">
      <class name="com.appium.android.appium_android_framework.TestBase">
        <test-method status="PASS" signature="setUp()[pri:0, instance:com.appium.android.appium_android_framework.TestBase@6a41eaa2]" name="setUp" is-config="true" duration-ms="14584" started-at="2017-08-12T00:00:22Z" finished-at="2017-08-12T00:00:37Z">
          <reporter-output>
          </reporter-output>
        </test-method> <!-- setUp -->
        <test-method status="PASS" signature="Test001()[pri:0, instance:com.appium.android.appium_android_framework.TestBase@6a41eaa2]" name="Test001" duration-ms="21" started-at="2017-08-12T00:00:37Z" finished-at="2017-08-12T00:00:37Z">
          <reporter-output>
          </reporter-output>
        </test-method> <!-- Test001 -->
        <test-method status="PASS" signature="closeAfterTest()[pri:0, instance:com.appium.android.appium_android_framework.TestBase@6a41eaa2]" name="closeAfterTest" is-config="true" duration-ms="3928" started-at="2017-08-12T00:00:37Z" finished-at="2017-08-12T00:00:41Z">
          <reporter-output>
          </reporter-output>
        </test-method> <!-- closeAfterTest -->
      </class> <!-- com.appium.android.appium_android_framework.TestBase -->
    </test> <!-- Default test -->
  </suite> <!-- Default suite -->
</testng-results>
