<?xml version="1.0" encoding="UTF-8"?>
<testng-results skipped="0" failed="0" ignored="0" total="3" passed="3">
  <reporter-output>
  </reporter-output>
  <suite name="Default suite" duration-ms="159045" started-at="2017-08-15T00:21:39Z" finished-at="2017-08-15T00:24:18Z">
    <groups>
    </groups>
    <test name="Default test" duration-ms="159045" started-at="2017-08-15T00:21:39Z" finished-at="2017-08-15T00:24:18Z">
      <class name="com.appium.android.appium_android_framework.TestBase">
        <test-method status="PASS" signature="setUp()[pri:0, instance:com.appium.android.appium_android_framework.TestBase@42e26948]" name="setUp" is-config="true" duration-ms="13823" started-at="2017-08-14T19:21:39Z" finished-at="2017-08-14T19:21:53Z">
          <reporter-output>
          </reporter-output>
        </test-method> <!-- setUp -->
        <test-method status="PASS" signature="AlertDialog()[pri:0, instance:com.appium.android.appium_android_framework.TestBase@42e26948]" name="AlertDialog" duration-ms="6491" started-at="2017-08-14T19:21:53Z" finished-at="2017-08-14T19:22:00Z">
          <reporter-output>
          </reporter-output>
        </test-method> <!-- AlertDialog -->
        <test-method status="PASS" signature="closeAfterTest()[pri:0, instance:com.appium.android.appium_android_framework.TestBase@42e26948]" name="closeAfterTest" is-config="true" duration-ms="3973" started-at="2017-08-14T19:22:00Z" finished-at="2017-08-14T19:22:04Z">
          <reporter-output>
          </reporter-output>
        </test-method> <!-- closeAfterTest -->
        <test-method status="PASS" signature="setUp()[pri:0, instance:com.appium.android.appium_android_framework.TestBase@42e26948]" name="setUp" is-config="true" duration-ms="13170" started-at="2017-08-14T19:22:04Z" finished-at="2017-08-14T19:22:17Z">
          <reporter-output>
          </reporter-output>
        </test-method> <!-- setUp -->
        <test-method status="PASS" signature="Test001()[pri:0, instance:com.appium.android.appium_android_framework.TestBase@42e26948]" name="Test001" duration-ms="3569" started-at="2017-08-14T19:22:17Z" finished-at="2017-08-14T19:22:20Z">
          <reporter-output>
          </reporter-output>
        </test-method> <!-- Test001 -->
        <test-method status="PASS" signature="closeAfterTest()[pri:0, instance:com.appium.android.appium_android_framework.TestBase@42e26948]" name="closeAfterTest" is-config="true" duration-ms="3923" started-at="2017-08-14T19:22:20Z" finished-at="2017-08-14T19:22:24Z">
          <reporter-output>
          </reporter-output>
        </test-method> <!-- closeAfterTest -->
        <test-method status="PASS" signature="setUp()[pri:0, instance:com.appium.android.appium_android_framework.TestBase@42e26948]" name="setUp" is-config="true" duration-ms="13312" started-at="2017-08-14T19:22:24Z" finished-at="2017-08-14T19:22:38Z">
          <reporter-output>
          </reporter-output>
        </test-method> <!-- setUp -->
        <test-method status="PASS" signature="Test002()[pri:0, instance:com.appium.android.appium_android_framework.TestBase@42e26948]" name="Test002" duration-ms="96712" started-at="2017-08-14T19:22:38Z" finished-at="2017-08-14T19:24:14Z">
          <reporter-output>
          </reporter-output>
        </test-method> <!-- Test002 -->
        <test-method status="PASS" signature="closeAfterTest()[pri:0, instance:com.appium.android.appium_android_framework.TestBase@42e26948]" name="closeAfterTest" is-config="true" duration-ms="4026" started-at="2017-08-14T19:24:14Z" finished-at="2017-08-14T19:24:18Z">
          <reporter-output>
          </reporter-output>
        </test-method> <!-- closeAfterTest -->
      </class> <!-- com.appium.android.appium_android_framework.TestBase -->
    </test> <!-- Default test -->
  </suite> <!-- Default suite -->
</testng-results>
